Virtual User Script started at : 2021/8/4 Wednesday 20:10:41
Starting action vuser_init.
Web Turbo Replay of LoadRunner 12.0.0 for Windows 8; build 2079 (Jun 17 2014 10:56:12)  	[MsgId: MMSG-27143]
Run mode: HTML  	[MsgId: MMSG-26993]
Run-Time Settings file: "E:\ceshi\WebHttpHtml6\\default.cfg"  	[MsgId: MMSG-27141]
Ending action vuser_init.
Running Vuser...
Starting iteration 1.
Maximum number of concurrent connections per server: 6  	[MsgId: MMSG-26989]
Starting action Action.
Action.c(4): web_add_cookie started  	[MsgId: MMSG-26355]
Action.c(4): web_add_cookie was successful  	[MsgId: MMSG-26392]
Action.c(6): web_url("problem") started  	[MsgId: MMSG-26355]
Action.c(6): web_url("problem") was successful, 396 body bytes, 169 header bytes  	[MsgId: MMSG-26386]
Ending action Action.
Ending iteration 1.
Ending Vuser...
Starting action vuser_end.
Ending action vuser_end.
Vuser Terminated.
